f:\zhibo_project\code\src\audio_video_rtmp_class\debug\xdata.nativecodeanalysis.xml
f:\zhibo_project\code\src\audio_video_rtmp_class\debug\xdata.obj
f:\zhibo_project\code\src\audio_video_rtmp_class\debug\xmediaencode.nativecodeanalysis.xml
f:\zhibo_project\code\src\audio_video_rtmp_class\debug\xmediaencode.obj
f:\zhibo_project\code\src\audio_video_rtmp_class\debug\xdatathread.nativecodeanalysis.xml
f:\zhibo_project\code\src\audio_video_rtmp_class\debug\xdatathread.obj
f:\zhibo_project\code\src\audio_video_rtmp_class\debug\xrtmp.nativecodeanalysis.xml
f:\zhibo_project\code\src\audio_video_rtmp_class\debug\xrtmp.obj
f:\zhibo_project\code\src\audio_video_rtmp_class\debug\main.nativecodeanalysis.xml
f:\zhibo_project\code\src\audio_video_rtmp_class\debug\main.obj
f:\zhibo_project\code\src\audio_video_rtmp_class\debug\xvideocapture.nativecodeanalysis.xml
f:\zhibo_project\code\src\audio_video_rtmp_class\debug\xvideocapture.obj
f:\zhibo_project\code\src\audio_video_rtmp_class\debug\xaudiorecord.nativecodeanalysis.xml
f:\zhibo_project\code\src\audio_video_rtmp_class\debug\xaudiorecord.obj
f:\zhibo_project\code\src\audio_video_rtmp_class\debug\vc140.pdb
f:\zhibo_project\code\bin\audio_video_rtmp_class.ilk
f:\zhibo_project\code\bin\audio_video_rtmp_class.exe
f:\zhibo_project\code\bin\audio_video_rtmp_class.pdb
f:\zhibo_project\code\src\audio_video_rtmp_class\debug\nativecodeanalysis.read.1.tlog
f:\zhibo_project\code\src\audio_video_rtmp_class\debug\vc.nativecodeanalysis.all.xml
f:\zhibo_project\code\src\audio_video_rtmp_class\..\..\bin\audio_video_rtmp_class.exe
f:\zhibo_project\code\src\audio_video_rtmp_class\debug\audio_vi.b12702ad.tlog\cl.command.1.tlog
f:\zhibo_project\code\src\audio_video_rtmp_class\debug\audio_vi.b12702ad.tlog\cl.read.1.tlog
f:\zhibo_project\code\src\audio_video_rtmp_class\debug\audio_vi.b12702ad.tlog\cl.write.1.tlog
f:\zhibo_project\code\src\audio_video_rtmp_class\debug\audio_vi.b12702ad.tlog\link.command.1.tlog
f:\zhibo_project\code\src\audio_video_rtmp_class\debug\audio_vi.b12702ad.tlog\link.read.1.tlog
f:\zhibo_project\code\src\audio_video_rtmp_class\debug\audio_vi.b12702ad.tlog\link.write.1.tlog
