生成启动时间为 2020/3/23 22:34:49。
     1>项目“F:\zhibo_project\code\src\XRtmpStreamer\XRtmpStreamer.vcxproj”在节点 2 上(Build 个目标)。
     1>C:\Program Files (x86)\MSBuild\Microsoft.Cpp\v4.0\V140\Microsoft.CppBuild.targets(368,5): warning MSB8004: Output Directory does not end with a trailing slash.  This build instance will add the slash as it is required to allow proper evaluation of the Output Directory.
     1>项目“F:\zhibo_project\code\src\XRtmpStreamer\XRtmpStreamer.vcxproj”(1)正在节点 2 上生成“F:\zhibo_project\code\src\XRtmpStreamer\XRtmpStreamer.vcxproj”(1:2) (Build 个目标)。
     1>C:\Program Files (x86)\MSBuild\Microsoft.Cpp\v4.0\V140\Microsoft.CppBuild.targets(368,5): warning MSB8004: Output Directory does not end with a trailing slash.  This build instance will add the slash as it is required to allow proper evaluation of the Output Directory.
     1>QtRccSetDependencies:
         "D:\computer_software\qt5.9\5.9\msvc2015\bin\rcc.exe" --list "xrtmpstreamer.qrc" > "Debug\rcc_list.txt" 2> nul
       Link:
         D:\computer_software\vs2015\VC\bin\link.exe /ERRORREPORT:PROMPT /OUT:"..\..\bin\\XRtmpStreamer.exe" /NOLOGO /LIBPATH:..\..\lib /LIBPATH:D:\computer_software\qt5.9\5.9\msvc2015\lib /LIBPATH:C:\utils\my_sql\my_sql\lib /LIBPATH:C:\utils\postgresql\pgsql\lib D:\computer_software\qt5.9\5.9\msvc2015\lib\qtmaind.lib shell32.lib D:\computer_software\qt5.9\5.9\msvc2015\lib\Qt5Multimediad.lib D:\computer_software\qt5.9\5.9\msvc2015\lib\Qt5Widgetsd.lib D:\computer_software\qt5.9\5.9\msvc2015\lib\Qt5Guid.lib D:\computer_software\qt5.9\5.9\msvc2015\lib\Qt5Networkd.lib D:\computer_software\qt5.9\5.9\msvc2015\lib\Qt5Cored.lib kernel32.lib user32.lib gdi32.lib winspool.lib comdlg32.lib advapi32.lib shell32.lib ole32.lib oleaut32.lib uuid.lib odbc32.lib odbccp32.lib /MANIFEST /MANIFESTUAC:"level='asInvoker' uiAccess='false'" /manifest:embed /Debug /PDB:"..\..\bin\XRtmpStreamer.pdb" /SUBSYSTEM:CONSOLE /TLBID:1 /DYNAMICBASE /NXCOMPAT /IMPLIB:"..\..\bin\XRtmpStreamer.lib" /MACHINE:X86 /SAFESEH:NO Debug\main.obj
         Debug\XAudioRecord.obj
         Debug\XBilateralFilter.obj
         Debug\XController.obj
         Debug\XData.obj
         Debug\XDataThread.obj
         Debug\XFilter.obj
         Debug\XMediaEncode.obj
         Debug\XRtmp.obj
         Debug\xrtmpstreamer.obj
         Debug\XVideoCapture.obj
         Debug\qrc_xrtmpstreamer.obj
         Debug\moc_xrtmpstreamer.obj
         XRtmpStreamer.vcxproj -> F:\zhibo_project\code\src\XRtmpStreamer\..\..\bin\XRtmpStreamer.exe
     1>已完成生成项目“F:\zhibo_project\code\src\XRtmpStreamer\XRtmpStreamer.vcxproj”(Build 个目标)的操作。
     1>已完成生成项目“F:\zhibo_project\code\src\XRtmpStreamer\XRtmpStreamer.vcxproj”(Build 个目标)的操作。

已成功生成。

已用时间 00:00:05.10
